2020-03-22 15:47:14,485 [Worker-4: Loading available Gradle versions] INFO  o.e.b.c.i.u.g.PublishedGradleVersions - Gradle version information cache is up-to-date. Trying to read.
2020-03-22 15:55:10,417 [Worker-6: Enabling Maven Dependency Management] INFO  o.e.m.c.i.e.AbstractTransferListenerAdapter - Downloading http://maven.aliyun.com/nexus/content/groups/public/org/apache/maven/plugins/maven-compiler-plugin/3.8.0/maven-compiler-plugin-3.8.0.jar
2020-03-22 15:55:10,624 [Worker-6: Enabling Maven Dependency Management] INFO  o.e.m.c.i.e.AbstractTransferListenerAdapter - Downloaded http://maven.aliyun.com/nexus/content/groups/public/org/apache/maven/plugins/maven-compiler-plugin/3.8.0/maven-compiler-plugin-3.8.0.jar
2020-03-22 15:55:10,845 [Worker-6: Enabling Maven Dependency Management] INFO  o.e.m.c.i.e.AbstractTransferListenerAdapter - Downloading http://maven.aliyun.com/nexus/content/groups/public/org/apache/maven/plugins/maven-war-plugin/3.2.1/maven-war-plugin-3.2.1.jar
2020-03-22 15:55:11,069 [Worker-6: Enabling Maven Dependency Management] INFO  o.e.m.c.i.e.AbstractTransferListenerAdapter - Downloaded http://maven.aliyun.com/nexus/content/groups/public/org/apache/maven/plugins/maven-war-plugin/3.2.1/maven-war-plugin-3.2.1.jar
2020-03-22 15:55:11,249 [Worker-6: Enabling Maven Dependency Management] INFO  o.e.m.c.i.e.AbstractTransferListenerAdapter - Downloading http://maven.aliyun.com/nexus/content/groups/public/org/apache/maven/plugins/maven-compiler-plugin/3.8.0/maven-compiler-plugin-3.8.0.pom
2020-03-22 15:55:11,413 [Worker-6: Enabling Maven Dependency Management] INFO  o.e.m.c.i.e.AbstractTransferListenerAdapter - Downloaded http://maven.aliyun.com/nexus/content/groups/public/org/apache/maven/plugins/maven-compiler-plugin/3.8.0/maven-compiler-plugin-3.8.0.pom
2020-03-22 15:55:11,558 [Worker-6: Enabling Maven Dependency Management] INFO  o.e.m.c.i.e.AbstractTransferListenerAdapter - Downloading http://maven.aliyun.com/nexus/content/groups/public/org/apache/maven/plugins/maven-plugins/32/maven-plugins-32.pom
2020-03-22 15:55:11,700 [Worker-6: Enabling Maven Dependency Management] INFO  o.e.m.c.i.e.AbstractTransferListenerAdapter - Downloaded http://maven.aliyun.com/nexus/content/groups/public/org/apache/maven/plugins/maven-plugins/32/maven-plugins-32.pom
2020-03-22 15:55:11,840 [Worker-6: Enabling Maven Dependency Management] INFO  o.e.m.c.i.e.AbstractTransferListenerAdapter - Downloading http://maven.aliyun.com/nexus/content/groups/public/org/apache/maven/maven-parent/32/maven-parent-32.pom
2020-03-22 15:55:12,009 [Worker-6: Enabling Maven Dependency Management] INFO  o.e.m.c.i.e.AbstractTransferListenerAdapter - Downloaded http://maven.aliyun.com/nexus/content/groups/public/org/apache/maven/maven-parent/32/maven-parent-32.pom
2020-03-22 15:55:12,160 [Worker-6: Enabling Maven Dependency Management] INFO  o.e.m.c.i.e.AbstractTransferListenerAdapter - Downloading http://maven.aliyun.com/nexus/content/groups/public/org/apache/apache/20/apache-20.pom
2020-03-22 15:55:12,312 [Worker-6: Enabling Maven Dependency Management] INFO  o.e.m.c.i.e.AbstractTransferListenerAdapter - Downloaded http://maven.aliyun.com/nexus/content/groups/public/org/apache/apache/20/apache-20.pom
2020-03-22 15:55:12,889 [Worker-6: Enabling Maven Dependency Management] INFO  o.e.m.c.i.l.LifecycleMappingFactory - Using org.maven.ide.eclipse.wtp.WarLifecycleMapping lifecycle mapping for MavenProject: cn.zcx:hrm:0.0.1-SNAPSHOT @ F:\毕设项目\人事管理系统\hrm\pom.xml.
2020-03-22 15:55:13,542 [Worker-6: Enabling Maven Dependency Management] INFO  o.e.m.c.i.e.AbstractTransferListenerAdapter - Downloading http://maven.aliyun.com/nexus/content/groups/public/org/apache/maven/plugins/maven-war-plugin/3.2.1/maven-war-plugin-3.2.1.pom
2020-03-22 15:55:13,701 [Worker-6: Enabling Maven Dependency Management] INFO  o.e.m.c.i.e.AbstractTransferListenerAdapter - Downloaded http://maven.aliyun.com/nexus/content/groups/public/org/apache/maven/plugins/maven-war-plugin/3.2.1/maven-war-plugin-3.2.1.pom
2020-03-22 15:55:14,469 [Worker-6: Enabling Maven Dependency Management] INFO  o.e.m.c.i.e.AbstractTransferListenerAdapter - Downloading http://maven.aliyun.com/nexus/content/groups/public/org/apache/maven/maven-archiver/3.2.0/maven-archiver-3.2.0.pom
2020-03-22 15:55:14,619 [Worker-6: Enabling Maven Dependency Management] INFO  o.e.m.c.i.e.AbstractTransferListenerAdapter - Downloaded http://maven.aliyun.com/nexus/content/groups/public/org/apache/maven/maven-archiver/3.2.0/maven-archiver-3.2.0.pom
2020-03-22 15:55:14,772 [Worker-6: Enabling Maven Dependency Management] INFO  o.e.m.c.i.e.AbstractTransferListenerAdapter - Downloading http://maven.aliyun.com/nexus/content/groups/public/org/apache/maven/shared/maven-shared-utils/3.2.0/maven-shared-utils-3.2.0.pom
2020-03-22 15:55:14,901 [Worker-6: Enabling Maven Dependency Management] INFO  o.e.m.c.i.e.AbstractTransferListenerAdapter - Downloaded http://maven.aliyun.com/nexus/content/groups/public/org/apache/maven/shared/maven-shared-utils/3.2.0/maven-shared-utils-3.2.0.pom
2020-03-22 15:55:15,061 [Worker-6: Enabling Maven Dependency Management] INFO  o.e.m.c.i.e.AbstractTransferListenerAdapter - Downloading http://maven.aliyun.com/nexus/content/groups/public/org/codehaus/plexus/plexus-archiver/3.5/plexus-archiver-3.5.pom
2020-03-22 15:55:15,208 [Worker-6: Enabling Maven Dependency Management] INFO  o.e.m.c.i.e.AbstractTransferListenerAdapter - Downloaded http://maven.aliyun.com/nexus/content/groups/public/org/codehaus/plexus/plexus-archiver/3.5/plexus-archiver-3.5.pom
2020-03-22 15:55:15,350 [Worker-6: Enabling Maven Dependency Management] INFO  o.e.m.c.i.e.AbstractTransferListenerAdapter - Downloading http://maven.aliyun.com/nexus/content/groups/public/org/codehaus/plexus/plexus/5.0/plexus-5.0.pom
2020-03-22 15:55:15,494 [Worker-6: Enabling Maven Dependency Management] INFO  o.e.m.c.i.e.AbstractTransferListenerAdapter - Downloaded http://maven.aliyun.com/nexus/content/groups/public/org/codehaus/plexus/plexus/5.0/plexus-5.0.pom
2020-03-22 15:55:15,656 [Worker-6: Enabling Maven Dependency Management] INFO  o.e.m.c.i.e.AbstractTransferListenerAdapter - Downloading http://maven.aliyun.com/nexus/content/groups/public/org/codehaus/plexus/plexus-io/3.0.0/plexus-io-3.0.0.pom
2020-03-22 15:55:15,792 [Worker-6: Enabling Maven Dependency Management] INFO  o.e.m.c.i.e.AbstractTransferListenerAdapter - Downloaded http://maven.aliyun.com/nexus/content/groups/public/org/codehaus/plexus/plexus-io/3.0.0/plexus-io-3.0.0.pom
2020-03-22 15:55:15,940 [Worker-6: Enabling Maven Dependency Management] INFO  o.e.m.c.i.e.AbstractTransferListenerAdapter - Downloading http://maven.aliyun.com/nexus/content/groups/public/org/tukaani/xz/1.6/xz-1.6.pom
2020-03-22 15:55:16,072 [Worker-6: Enabling Maven Dependency Management] INFO  o.e.m.c.i.e.AbstractTransferListenerAdapter - Downloaded http://maven.aliyun.com/nexus/content/groups/public/org/tukaani/xz/1.6/xz-1.6.pom
2020-03-22 15:55:16,232 [Worker-6: Enabling Maven Dependency Management] INFO  o.e.m.c.i.e.AbstractTransferListenerAdapter - Downloading http://maven.aliyun.com/nexus/content/groups/public/org/codehaus/plexus/plexus-archiver/3.6.0/plexus-archiver-3.6.0.pom
2020-03-22 15:55:16,361 [Worker-6: Enabling Maven Dependency Management] INFO  o.e.m.c.i.e.AbstractTransferListenerAdapter - Downloaded http://maven.aliyun.com/nexus/content/groups/public/org/codehaus/plexus/plexus-archiver/3.6.0/plexus-archiver-3.6.0.pom
2020-03-22 15:55:16,507 [Worker-6: Enabling Maven Dependency Management] INFO  o.e.m.c.i.e.AbstractTransferListenerAdapter - Downloading http://maven.aliyun.com/nexus/content/groups/public/org/codehaus/plexus/plexus-io/3.0.1/plexus-io-3.0.1.pom
2020-03-22 15:55:16,659 [Worker-6: Enabling Maven Dependency Management] INFO  o.e.m.c.i.e.AbstractTransferListenerAdapter - Downloaded http://maven.aliyun.com/nexus/content/groups/public/org/codehaus/plexus/plexus-io/3.0.1/plexus-io-3.0.1.pom
2020-03-22 15:55:16,803 [Worker-6: Enabling Maven Dependency Management] INFO  o.e.m.c.i.e.AbstractTransferListenerAdapter - Downloading http://maven.aliyun.com/nexus/content/groups/public/org/apache/commons/commons-compress/1.16.1/commons-compress-1.16.1.pom
2020-03-22 15:55:16,942 [Worker-6: Enabling Maven Dependency Management] INFO  o.e.m.c.i.e.AbstractTransferListenerAdapter - Downloaded http://maven.aliyun.com/nexus/content/groups/public/org/apache/commons/commons-compress/1.16.1/commons-compress-1.16.1.pom
2020-03-22 15:55:17,079 [Worker-6: Enabling Maven Dependency Management] INFO  o.e.m.c.i.e.AbstractTransferListenerAdapter - Downloading http://maven.aliyun.com/nexus/content/groups/public/org/apache/commons/commons-parent/43/commons-parent-43.pom
2020-03-22 15:55:17,268 [Worker-6: Enabling Maven Dependency Management] INFO  o.e.m.c.i.e.AbstractTransferListenerAdapter - Downloaded http://maven.aliyun.com/nexus/content/groups/public/org/apache/commons/commons-parent/43/commons-parent-43.pom
2020-03-22 15:55:17,420 [Worker-6: Enabling Maven Dependency Management] INFO  o.e.m.c.i.e.AbstractTransferListenerAdapter - Downloading http://maven.aliyun.com/nexus/content/groups/public/com/thoughtworks/xstream/xstream/1.4.10/xstream-1.4.10.pom
2020-03-22 15:55:17,584 [Worker-6: Enabling Maven Dependency Management] INFO  o.e.m.c.i.e.AbstractTransferListenerAdapter - Downloaded http://maven.aliyun.com/nexus/content/groups/public/com/thoughtworks/xstream/xstream/1.4.10/xstream-1.4.10.pom
2020-03-22 15:55:17,722 [Worker-6: Enabling Maven Dependency Management] INFO  o.e.m.c.i.e.AbstractTransferListenerAdapter - Downloading http://maven.aliyun.com/nexus/content/groups/public/com/thoughtworks/xstream/xstream-parent/1.4.10/xstream-parent-1.4.10.pom
2020-03-22 15:55:17,863 [Worker-6: Enabling Maven Dependency Management] INFO  o.e.m.c.i.e.AbstractTransferListenerAdapter - Downloaded http://maven.aliyun.com/nexus/content/groups/public/com/thoughtworks/xstream/xstream-parent/1.4.10/xstream-parent-1.4.10.pom
2020-03-22 15:55:18,033 [Worker-6: Enabling Maven Dependency Management] INFO  o.e.m.c.i.e.AbstractTransferListenerAdapter - Downloading http://maven.aliyun.com/nexus/content/groups/public/org/apache/maven/shared/maven-mapping/3.0.0/maven-mapping-3.0.0.pom
2020-03-22 15:55:18,187 [Worker-6: Enabling Maven Dependency Management] INFO  o.e.m.c.i.e.AbstractTransferListenerAdapter - Downloaded http://maven.aliyun.com/nexus/content/groups/public/org/apache/maven/shared/maven-mapping/3.0.0/maven-mapping-3.0.0.pom
2020-03-22 15:55:18,357 [Worker-6: Enabling Maven Dependency Management] INFO  o.e.m.c.i.e.AbstractTransferListenerAdapter - Downloading http://maven.aliyun.com/nexus/content/groups/public/org/apache/maven/maven-archiver/3.2.0/maven-archiver-3.2.0.jar
2020-03-22 15:55:18,503 [Worker-6: Enabling Maven Dependency Management] INFO  o.e.m.c.i.e.AbstractTransferListenerAdapter - Downloaded http://maven.aliyun.com/nexus/content/groups/public/org/apache/maven/maven-archiver/3.2.0/maven-archiver-3.2.0.jar
2020-03-22 15:55:18,644 [Worker-6: Enabling Maven Dependency Management] INFO  o.e.m.c.i.e.AbstractTransferListenerAdapter - Downloading http://maven.aliyun.com/nexus/content/groups/public/org/apache/maven/shared/maven-shared-utils/3.2.0/maven-shared-utils-3.2.0.jar
2020-03-22 15:55:18,845 [Worker-6: Enabling Maven Dependency Management] INFO  o.e.m.c.i.e.AbstractTransferListenerAdapter - Downloaded http://maven.aliyun.com/nexus/content/groups/public/org/apache/maven/shared/maven-shared-utils/3.2.0/maven-shared-utils-3.2.0.jar
2020-03-22 15:55:18,979 [Worker-6: Enabling Maven Dependency Management] INFO  o.e.m.c.i.e.AbstractTransferListenerAdapter - Downloading http://maven.aliyun.com/nexus/content/groups/public/org/codehaus/plexus/plexus-archiver/3.6.0/plexus-archiver-3.6.0.jar
2020-03-22 15:55:19,229 [Worker-6: Enabling Maven Dependency Management] INFO  o.e.m.c.i.e.AbstractTransferListenerAdapter - Downloaded http://maven.aliyun.com/nexus/content/groups/public/org/codehaus/plexus/plexus-archiver/3.6.0/plexus-archiver-3.6.0.jar
2020-03-22 15:55:19,361 [Worker-6: Enabling Maven Dependency Management] INFO  o.e.m.c.i.e.AbstractTransferListenerAdapter - Downloading http://maven.aliyun.com/nexus/content/groups/public/org/codehaus/plexus/plexus-io/3.0.1/plexus-io-3.0.1.jar
2020-03-22 15:55:19,526 [Worker-6: Enabling Maven Dependency Management] INFO  o.e.m.c.i.e.AbstractTransferListenerAdapter - Downloaded http://maven.aliyun.com/nexus/content/groups/public/org/codehaus/plexus/plexus-io/3.0.1/plexus-io-3.0.1.jar
2020-03-22 15:55:19,668 [Worker-6: Enabling Maven Dependency Management] INFO  o.e.m.c.i.e.AbstractTransferListenerAdapter - Downloading http://maven.aliyun.com/nexus/content/groups/public/org/apache/commons/commons-compress/1.16.1/commons-compress-1.16.1.jar
2020-03-22 15:55:20,057 [Worker-6: Enabling Maven Dependency Management] INFO  o.e.m.c.i.e.AbstractTransferListenerAdapter - Downloaded http://maven.aliyun.com/nexus/content/groups/public/org/apache/commons/commons-compress/1.16.1/commons-compress-1.16.1.jar
2020-03-22 15:55:20,202 [Worker-6: Enabling Maven Dependency Management] INFO  o.e.m.c.i.e.AbstractTransferListenerAdapter - Downloading http://maven.aliyun.com/nexus/content/groups/public/com/thoughtworks/xstream/xstream/1.4.10/xstream-1.4.10.jar
2020-03-22 15:55:20,640 [Worker-6: Enabling Maven Dependency Management] INFO  o.e.m.c.i.e.AbstractTransferListenerAdapter - Downloaded http://maven.aliyun.com/nexus/content/groups/public/com/thoughtworks/xstream/xstream/1.4.10/xstream-1.4.10.jar
2020-03-22 15:55:20,766 [Worker-6: Enabling Maven Dependency Management] INFO  o.e.m.c.i.e.AbstractTransferListenerAdapter - Downloading http://maven.aliyun.com/nexus/content/groups/public/org/apache/maven/shared/maven-mapping/3.0.0/maven-mapping-3.0.0.jar
2020-03-22 15:55:20,910 [Worker-6: Enabling Maven Dependency Management] INFO  o.e.m.c.i.e.AbstractTransferListenerAdapter - Downloaded http://maven.aliyun.com/nexus/content/groups/public/org/apache/maven/shared/maven-mapping/3.0.0/maven-mapping-3.0.0.jar
2020-03-22 15:55:21,786 [Worker-6: Enabling Maven Dependency Management] INFO  o.e.m.j.i.AbstractJavaProjectConfigurator - Adding source folder /hrm/src
2020-03-22 15:55:21,787 [Worker-6: Enabling Maven Dependency Management] INFO  o.e.m.j.i.AbstractJavaProjectConfigurator - Resources folder /hrm/src overlaps with sources folder /hrm/src
2020-03-22 15:55:21,787 [Worker-6: Enabling Maven Dependency Management] INFO  o.e.m.j.i.AbstractJavaProjectConfigurator - Not adding source folder /hrm/src/test/java because it overlaps with /hrm/src
2020-03-22 15:55:47,581 [Worker-6: Enabling Maven Dependency Management] INFO  o.e.m.c.i.p.ProjectConfigurationManager - Update started
2020-03-22 15:55:47,996 [Worker-6: Enabling Maven Dependency Management] INFO  o.e.m.c.i.l.LifecycleMappingFactory - Using org.maven.ide.eclipse.wtp.WarLifecycleMapping lifecycle mapping for MavenProject: cn.zcx:hrm:0.0.1-SNAPSHOT @ F:\毕设项目\人事管理系统\hrm\pom.xml.
2020-03-22 15:55:48,909 [Worker-6: Enabling Maven Dependency Management] INFO  o.e.m.j.i.AbstractJavaProjectConfigurator - Adding source folder /hrm/src
2020-03-22 15:55:48,909 [Worker-6: Enabling Maven Dependency Management] INFO  o.e.m.j.i.AbstractJavaProjectConfigurator - Resources folder /hrm/src overlaps with sources folder /hrm/src
2020-03-22 15:55:48,910 [Worker-6: Enabling Maven Dependency Management] INFO  o.e.m.j.i.AbstractJavaProjectConfigurator - Not adding source folder /hrm/src/test/java because it overlaps with /hrm/src
2020-03-22 15:55:49,648 [Worker-6: Enabling Maven Dependency Management] INFO  o.e.m.w.i.f.ResourceFilteringBuildParticipant - Cleaning filtered folder for hrm
2020-03-22 15:55:49,714 [Worker-6: Enabling Maven Dependency Management] INFO  o.e.m.c.i.p.ProjectConfigurationManager - Update completed: 2 sec
2020-03-22 16:34:57,420 [Worker-0: Loading available Gradle versions] INFO  o.e.b.c.i.u.g.PublishedGradleVersions - Gradle version information cache is up-to-date. Trying to read.
2020-03-22 16:35:14,884 [Worker-4: Building workspace] INFO  o.e.m.c.i.l.LifecycleMappingFactory - Using org.maven.ide.eclipse.wtp.WarLifecycleMapping lifecycle mapping for MavenProject: cn.zcx:hrm:0.0.1-SNAPSHOT @ F:\毕设项目\人事管理系统\hrm\pom.xml.
2020-03-22 16:35:16,206 [Worker-4: Building workspace] WARN  o.e.m.c.i.embedder.EclipseLogger - Using platform encoding (GBK actually) to copy filtered resources, i.e. build is platform dependent!
2020-03-22 16:35:16,213 [Worker-4: Building workspace] INFO  o.e.m.c.i.embedder.EclipseLogger - Copying 11 resources
2020-03-22 16:35:16,292 [Worker-4: Building workspace] WARN  o.e.m.c.i.embedder.EclipseLogger - Using platform encoding (GBK actually) to copy filtered resources, i.e. build is platform dependent!
2020-03-22 16:35:16,293 [Worker-4: Building workspace] INFO  o.e.m.c.i.embedder.EclipseLogger - skip non existing resourceDirectory F:\毕设项目\人事管理系统\hrm\src\test\resources
